This is pdfTeX, Version 3.1415926-2.6-1.40.14 (TeX Live 2014/dev) (format=latex 2014.7.18)  6 NOV 2014 05:37
entering extended mode
 restricted \write18 enabled.
 %&-line parsing enabled.
**ShortButSweet.tex
(./ShortButSweet.tex
LaTeX2e <2011/06/27>
Babel <3.9h> and hyphenation patterns for 2 languages loaded.
(/usr/share/texlive/texmf-dist/tex/latex/base/article.cls
Document Class: article 2007/10/19 v1.4h Standard LaTeX document class
(/usr/share/texlive/texmf-dist/tex/latex/base/size12.clo
File: size12.clo 2007/10/19 v1.4h Standard LaTeX file (size option)
)
\c@part=\count79
\c@section=\count80
\c@subsection=\count81
\c@subsubsection=\count82
\c@paragraph=\count83
\c@subparagraph=\count84
\c@figure=\count85
\c@table=\count86
\abovecaptionskip=\skip41
\belowcaptionskip=\skip42
\bibindent=\dimen102
) (./ShortButSweet.aux)
\openout1 = `ShortButSweet.aux'.

LaTeX Font Info:    Checking defaults for OML/cmm/m/it on input line 4.
LaTeX Font Info:    ... okay on input line 4.
LaTeX Font Info:    Checking defaults for T1/cmr/m/n on input line 4.
LaTeX Font Info:    ... okay on input line 4.
LaTeX Font Info:    Checking defaults for OT1/cmr/m/n on input line 4.
LaTeX Font Info:    ... okay on input line 4.
LaTeX Font Info:    Checking defaults for OMS/cmsy/m/n on input line 4.
LaTeX Font Info:    ... okay on input line 4.
LaTeX Font Info:    Checking defaults for OMX/cmex/m/n on input line 4.
LaTeX Font Info:    ... okay on input line 4.
LaTeX Font Info:    Checking defaults for U/cmr/m/n on input line 4.
LaTeX Font Info:    ... okay on input line 4.
LaTeX Font Info:    External font `cmex10' loaded for size
(Font)              <14.4> on input line 5.
LaTeX Font Info:    External font `cmex10' loaded for size
(Font)              <7> on input line 5.
 (./ShortButSweet.toc)
\tf@toc=\write3
\openout3 = `ShortButSweet.toc'.

LaTeX Font Info:    External font `cmex10' loaded for size
(Font)              <24.88> on input line 18.
LaTeX Font Info:    External font `cmex10' loaded for size
(Font)              <20.74> on input line 18.
LaTeX Font Info:    External font `cmex10' loaded for size
(Font)              <17.28> on input line 18.

! Missing $ inserted.
<inserted text> 
                $
l.21 \pi
         \approx 3.141593
? 

! LaTeX Error: Bad math environment delimiter.

See the LaTeX manual or LaTeX Companion for explanation.
Type  H <return>  for immediate help.
 ...                                              
                                                  
l.26 \(
       k_{n+1} = k_{n} + k_{n-1}\)
? 
! Undefined control sequence.
<recently read> \normal 
                        
l.29 \normal
             Back to regular size fonts.
? 

Underfull \hbox (badness 10000) in paragraph at lines 8--30

 []


Underfull \hbox (badness 10000) in paragraph at lines 8--30

 []


Underfull \hbox (badness 10000) in paragraph at lines 8--30

 []

[1

] [2] (./ShortButSweet.aux) ) 
Here is how much of TeX's memory you used:
 231 strings out of 495035
 2647 string characters out of 6181703
 49094 words of memory out of 5000000
 3521 multiletter control sequences out of 15000+600000
 8514 words of font info for 30 fonts, out of 8000000 for 9000
 14 hyphenation exceptions out of 8191
 22i,6n,19p,169b,187s stack positions out of 5000i,500n,10000p,200000b,80000s

Output written on ShortButSweet.dvi (2 pages, 1404 bytes).
